<?xml version="1.0" encoding="UTF-8"?>
<testsuite xmlns:xsi="http://www.w3.org/2001/XMLSchema-instance" xsi:noNamespaceSchemaLocation="https://maven.apache.org/surefire/maven-surefire-plugin/xsd/surefire-test-report-3.0.xsd" version="3.0" name="StepDefinitions.TestRunner" time="15.395" tests="2" errors="1" skipped="0" failures="0">
  <properties>
[...]
</properties>
  <testcase name="Validate google search is working" classname="feature to test google search functionality" time="14.494">
    <error message="Cannot invoke &quot;org.openqa.selenium.WebDriver.get(String)&quot; because &quot;this.driver&quot; is null" type="java.lang.NullPointerException"><![CDATA[java.lang.NullPointerException: Cannot invoke "org.openqa.selenium.WebDriver.get(String)" because "this.driver" is null
	at StepDefinitions.GoogleSearchSteps.user_is_on_google_search(GoogleSearchSteps.java:26)
	at ✽.user is on google search(file:///C:/Users/sujit/IdeaProjects/cucumberDemo2/src/test/resources/Features/googlesearch.feature:6)
]]></error>
    <system-out><![CDATA[
Scenario: Validate google search is working # src/test/resources/Features/googlesearch.feature:3
  Given browser is open                     # StepDefinitions.GoogleSearchSteps.browser_is_open()
  And user is on google search              # StepDefinitions.GoogleSearchSteps.user_is_on_google_search()
      java.lang.NullPointerException: Cannot invoke "org.openqa.selenium.WebDriver.get(String)" because "this.driver" is null
      	at StepDefinitions.GoogleSearchSteps.user_is_on_google_search(GoogleSearchSteps.java:26)
      	at âœ½.user is on google search(file:///C:/Users/sujit/IdeaProjects/cucumberDemo2/src/test/resources/Features/googlesearch.feature:6)
  When user enter a text in search box      # StepDefinitions.GoogleSearchSteps.user_enter_a_text_in_search_box()
  And hits enter                            # StepDefinitions.GoogleSearchSteps.hits_enter()
  Then user navigated to search results     # StepDefinitions.GoogleSearchSteps.user_navigated_to_search_results()
]]></system-out>
    <system-err><![CDATA[SLF4J(W): No SLF4J providers were found.
SLF4J(W): Defaulting to no-operation (NOP) logger implementation
SLF4J(W): See https://www.slf4j.org/codes.html#noProviders for further details.
Mar 11, 2025 4:46:40 PM org.openqa.selenium.devtools.CdpVersionFinder findNearestMatch
WARNING: Unable to find an exact match for CDP version 134, returning the closest version; found: 133; Please update to a Selenium version that supports CDP version 134
]]></system-err>
  </testcase>
  <testcase name="check login is successful with valid credentials" classname="feature to test login functionality" time="0.07">
    <system-out><![CDATA[
Scenario: check login is successful with valid credentials # src/test/resources/Features/login.feature:3
user is on login page
  Given user is on login page                              # StepDefinitions.LoginSteps.user_is_on_login_page()
user enters username and password
  When user enters username and password                   # StepDefinitions.LoginSteps.user_enters_username_and_password()
user click on login button
  And clicks on login button                               # StepDefinitions.LoginSteps.clicks_on_login_button()
user is navigated to the homepage
  Then user is navigated to the homepage                   # StepDefinitions.LoginSteps.user_is_navigated_to_the_homepage()
]]></system-out>
  </testcase>
</testsuite>